This is pdfTeX, Version 3.1415926-2.5-1.40.14 (MiKTeX 2.9) (preloaded format=pdflatex 2015.2.17)  12 APR 2015 15:33
entering extended mode
**A1.tex
(C:\Users\Andy\Documents\Github\Exp_Design\A1.tex
LaTeX2e <2011/06/27>
Babel <v3.8m> and hyphenation patterns for english, afrikaans, ancientgreek, ar
abic, armenian, assamese, basque, bengali, bokmal, bulgarian, catalan, coptic, 
croatian, czech, danish, dutch, esperanto, estonian, farsi, finnish, french, ga
lician, german, german-x-2013-05-26, greek, gujarati, hindi, hungarian, iceland
ic, indonesian, interlingua, irish, italian, kannada, kurmanji, latin, latvian,
 lithuanian, malayalam, marathi, mongolian, mongolianlmc, monogreek, ngerman, n
german-x-2013-05-26, nynorsk, oriya, panjabi, pinyin, polish, portuguese, roman
ian, russian, sanskrit, serbian, slovak, slovenian, spanish, swedish, swissgerm
an, tamil, telugu, turkish, turkmen, ukenglish, ukrainian, uppersorbian, usengl
ishmax, welsh, loaded.
("C:\Program Files (x86)\MiKTeX 2.9\tex\latex\base\article.cls"
Document Class: article 2007/10/19 v1.4h Standard LaTeX document class
("C:\Program Files (x86)\MiKTeX 2.9\tex\latex\base\size10.clo"
File: size10.clo 2007/10/19 v1.4h Standard LaTeX file (size option)
)
\c@part=\count79
\c@section=\count80
\c@subsection=\count81
\c@subsubsection=\count82
\c@paragraph=\count83
\c@subparagraph=\count84
\c@figure=\count85
\c@table=\count86
\abovecaptionskip=\skip41
\belowcaptionskip=\skip42
\bibindent=\dimen102
)
("C:\Program Files (x86)\MiKTeX 2.9\tex\latex\graphics\graphicx.sty"
Package: graphicx 1999/02/16 v1.0f Enhanced LaTeX Graphics (DPC,SPQR)

("C:\Program Files (x86)\MiKTeX 2.9\tex\latex\graphics\keyval.sty"
Package: keyval 1999/03/16 v1.13 key=value parser (DPC)
\KV@toks@=\toks14
)
("C:\Program Files (x86)\MiKTeX 2.9\tex\latex\graphics\graphics.sty"
Package: graphics 2009/02/05 v1.0o Standard LaTeX Graphics (DPC,SPQR)

("C:\Program Files (x86)\MiKTeX 2.9\tex\latex\graphics\trig.sty"
Package: trig 1999/03/16 v1.09 sin cos tan (DPC)
)
("C:\Program Files (x86)\MiKTeX 2.9\tex\latex\00miktex\graphics.cfg"
File: graphics.cfg 2007/01/18 v1.5 graphics configuration of teTeX/TeXLive
)
Package graphics Info: Driver file: pdftex.def on input line 91.

("C:\Program Files (x86)\MiKTeX 2.9\tex\latex\pdftex-def\pdftex.def"
File: pdftex.def 2011/05/27 v0.06d Graphics/color for pdfTeX

("C:\Program Files (x86)\MiKTeX 2.9\tex\generic\oberdiek\infwarerr.sty"
Package: infwarerr 2010/04/08 v1.3 Providing info/warning/error messages (HO)
)
("C:\Program Files (x86)\MiKTeX 2.9\tex\generic\oberdiek\ltxcmds.sty"
Package: ltxcmds 2011/11/09 v1.22 LaTeX kernel commands for general use (HO)
)
\Gread@gobject=\count87
))
\Gin@req@height=\dimen103
\Gin@req@width=\dimen104
)
("C:\Program Files (x86)\MiKTeX 2.9\tex\latex\caption\subcaption.sty"
Package: subcaption 2013/02/03 v1.1-62 Sub-captions (AR)

("C:\Program Files (x86)\MiKTeX 2.9\tex\latex\caption\caption.sty"
Package: caption 2013/05/02 v3.3-89 Customizing captions (AR)

("C:\Program Files (x86)\MiKTeX 2.9\tex\latex\caption\caption3.sty"
Package: caption3 2013/05/02 v1.6-88 caption3 kernel (AR)
Package caption3 Info: TeX engine: e-TeX on input line 57.
\captionmargin=\dimen105
\captionmargin@=\dimen106
\captionwidth=\dimen107
\caption@tempdima=\dimen108
\caption@indent=\dimen109
\caption@parindent=\dimen110
\caption@hangindent=\dimen111
)
\c@ContinuedFloat=\count88
)
\c@subfigure=\count89
\c@subtable=\count90
)
No file A1.aux.
LaTeX Font Info:    Checking defaults for OML/cmm/m/it on input line 10.
LaTeX Font Info:    ... okay on input line 10.
LaTeX Font Info:    Checking defaults for T1/cmr/m/n on input line 10.
LaTeX Font Info:    ... okay on input line 10.
LaTeX Font Info:    Checking defaults for OT1/cmr/m/n on input line 10.
LaTeX Font Info:    ... okay on input line 10.
LaTeX Font Info:    Checking defaults for OMS/cmsy/m/n on input line 10.
LaTeX Font Info:    ... okay on input line 10.
LaTeX Font Info:    Checking defaults for OMX/cmex/m/n on input line 10.
LaTeX Font Info:    ... okay on input line 10.
LaTeX Font Info:    Checking defaults for U/cmr/m/n on input line 10.
LaTeX Font Info:    ... okay on input line 10.
("C:\Program Files (x86)\MiKTeX 2.9\tex\context\base\supp-pdf.mkii"
[Loading MPS to PDF converter (version 2006.09.02).]
\scratchcounter=\count91
\scratchdimen=\dimen112
\scratchbox=\box26
\nofMPsegments=\count92
\nofMParguments=\count93
\everyMPshowfont=\toks15
\MPscratchCnt=\count94
\MPscratchDim=\dimen113
\MPnumerator=\count95
\makeMPintoPDFobject=\count96
\everyMPtoPDFconversion=\toks16
)
Package caption Info: Begin \AtBeginDocument code.
Package caption Info: End \AtBeginDocument code.
LaTeX Font Info:    External font `cmex10' loaded for size
(Font)              <12> on input line 12.
LaTeX Font Info:    External font `cmex10' loaded for size
(Font)              <8> on input line 12.
LaTeX Font Info:    External font `cmex10' loaded for size
(Font)              <6> on input line 12.


LaTeX Warning: Reference `fig:X1' on page 1 undefined on input line 17.


LaTeX Warning: Reference `fig:X4' on page 1 undefined on input line 17.


LaTeX Warning: Reference `fig:X2' on page 1 undefined on input line 20.


LaTeX Warning: Reference `fig:X5' on page 1 undefined on input line 20.


LaTeX Warning: Reference `fig:X3' on page 1 undefined on input line 23.


LaTeX Warning: Reference `sub:R1' on page 1 undefined on input line 24.

<results/X1.png, id=1, 572.1375pt x 512.91624pt>
File: results/X1.png Graphic file (type png)
 <use results/X1.png>
Package pdftex.def Info: results/X1.png used on input line 29.
(pdftex.def)             Requested size: 138.00052pt x 123.71288pt.
LaTeX Font Info:    External font `cmex10' loaded for size
(Font)              <7> on input line 31.
LaTeX Font Info:    External font `cmex10' loaded for size
(Font)              <5> on input line 31.

<results/X1_2.png, id=2, 572.1375pt x 512.91624pt>
File: results/X1_2.png Graphic file (type png)
 <use results/X1_2.png>
Package pdftex.def Info: results/X1_2.png used on input line 34.
(pdftex.def)             Requested size: 138.00052pt x 123.71288pt.

Overfull \hbox (2.22221pt too wide) in paragraph at lines 27--37
[]$[]$ $[]$ 
 []

<results/X2.png, id=3, 572.1375pt x 512.91624pt>
File: results/X2.png Graphic file (type png)
 <use results/X2.png>
Package pdftex.def Info: results/X2.png used on input line 44.
(pdftex.def)             Requested size: 138.00052pt x 123.71288pt.

<results/X2_2.png, id=4, 572.1375pt x 512.91624pt>
File: results/X2_2.png Graphic file (type png)
 <use results/X2_2.png>
Package pdftex.def Info: results/X2_2.png used on input line 49.
(pdftex.def)             Requested size: 138.00052pt x 123.71288pt.

Overfull \hbox (2.22221pt too wide) in paragraph at lines 42--52
[]$[]$ $[]$ 
 []

<results/X3.png, id=5, 572.1375pt x 512.91624pt>
File: results/X3.png Graphic file (type png)
 <use results/X3.png>
Package pdftex.def Info: results/X3.png used on input line 59.
(pdftex.def)             Requested size: 138.00052pt x 123.71288pt.

<results/X3_2.png, id=6, 572.1375pt x 512.91624pt>
File: results/X3_2.png Graphic file (type png)
 <use results/X3_2.png>
Package pdftex.def Info: results/X3_2.png used on input line 64.
(pdftex.def)             Requested size: 138.00052pt x 123.71288pt.

Overfull \hbox (2.22221pt too wide) in paragraph at lines 57--67
[]$[]$ $[]$ 
 []

<results/X4.png, id=7, 572.1375pt x 512.91624pt>
File: results/X4.png Graphic file (type png)
 <use results/X4.png>
Package pdftex.def Info: results/X4.png used on input line 74.
(pdftex.def)             Requested size: 138.00052pt x 123.71288pt.

<results/X4_2.png, id=8, 572.1375pt x 512.91624pt>
File: results/X4_2.png Graphic file (type png)
 <use results/X4_2.png>
Package pdftex.def Info: results/X4_2.png used on input line 79.
(pdftex.def)             Requested size: 138.00052pt x 123.71288pt.

Overfull \hbox (2.22221pt too wide) in paragraph at lines 72--82
[]$[]$ $[]$ 
 []

<results/X5.png, id=9, 572.1375pt x 512.91624pt>
File: results/X5.png Graphic file (type png)
 <use results/X5.png>
Package pdftex.def Info: results/X5.png used on input line 89.
(pdftex.def)             Requested size: 138.00052pt x 123.71288pt.

<results/X5_2.png, id=10, 572.1375pt x 512.91624pt>
File: results/X5_2.png Graphic file (type png)
 <use results/X5_2.png>
Package pdftex.def Info: results/X5_2.png used on input line 94.
(pdftex.def)             Requested size: 138.00052pt x 123.71288pt.

Overfull \hbox (2.22221pt too wide) in paragraph at lines 87--97
[]$[]$ $[]$ 
 []

[1

{C:/ProgramData/MiKTeX/2.9/pdftex/config/pdftex.map} <C:/Users/Andy/Documents/G
ithub/Exp_Design/results/X1.png> <C:/Users/Andy/Documents/Github/Exp_Design/res
ults/X1_2.png>] [2 <C:/Users/Andy/Documents/Github/Exp_Design/results/X2.png> <
C:/Users/Andy/Documents/Github/Exp_Design/results/X2_2.png> <C:/Users/Andy/Docu
ments/Github/Exp_Design/results/X3.png> <C:/Users/Andy/Documents/Github/Exp_Des
ign/results/X3_2.png> <C:/Users/Andy/Documents/Github/Exp_Design/results/X4.png
> <C:/Users/Andy/Documents/Github/Exp_Design/results/X4_2.png>]
LaTeX Font Info:    Try loading font information for OMS+cmr on input line 106.


("C:\Program Files (x86)\MiKTeX 2.9\tex\latex\base\omscmr.fd"
File: omscmr.fd 1999/05/25 v2.5h Standard LaTeX font definitions
)
LaTeX Font Info:    Font shape `OMS/cmr/m/n' in size <10> not available
(Font)              Font shape `OMS/cmsy/m/n' tried instead on input line 106.


LaTeX Warning: Reference `fig:2_1' on page 3 undefined on input line 108.

<results/2_1.png, id=32, 572.1375pt x 512.91624pt>
File: results/2_1.png Graphic file (type png)
 <use results/2_1.png>
Package pdftex.def Info: results/2_1.png used on input line 113.
(pdftex.def)             Requested size: 276.00105pt x 247.43358pt.


LaTeX Warning: Reference `fig:2_2' on page 3 undefined on input line 123.

<results/2_2.png, id=33, 572.1375pt x 512.91624pt>
File: results/2_2.png Graphic file (type png)
 <use results/2_2.png>
Package pdftex.def Info: results/2_2.png used on input line 128.
(pdftex.def)             Requested size: 276.00105pt x 247.43358pt.


LaTeX Warning: Reference `fig:2_3' on page 3 undefined on input line 139.

<results/2_3.png, id=34, 572.1375pt x 512.91624pt>
File: results/2_3.png Graphic file (type png)
 <use results/2_3.png>
Package pdftex.def Info: results/2_3.png used on input line 144.
(pdftex.def)             Requested size: 276.00105pt x 247.43358pt.

[3 <C:/Users/Andy/Documents/Github/Exp_Design/results/X5.png> <C:/Users/Andy/Do
cuments/Github/Exp_Design/results/X5_2.png>] [4 <C:/Users/Andy/Documents/Github
/Exp_Design/results/2_1.png> <C:/Users/Andy/Documents/Github/Exp_Design/results
/2_2.png>] [5 <C:/Users/Andy/Documents/Github/Exp_Design/results/2_3.png>]
(C:\Users\Andy\Documents\Github\Exp_Design\A1.aux)

LaTeX Warning: There were undefined references.


LaTeX Warning: Label(s) may have changed. Rerun to get cross-references right.

 ) 
Here is how much of TeX's memory you used:
 2328 strings out of 493921
 36260 string characters out of 3144879
 96317 words of memory out of 3000000
 5638 multiletter control sequences out of 15000+200000
 8194 words of font info for 29 fonts, out of 3000000 for 9000
 841 hyphenation exceptions out of 8191
 42i,7n,40p,270b,437s stack positions out of 5000i,500n,10000p,200000b,50000s
<C:/Program Files (x86)/MiKTeX 2.9/fonts/type1/public/amsfonts/cm/cmbx10.pfb>
<C:/Program Files (x86)/MiKTeX 2.9/fonts/type1/public/amsfonts/cm/cmbx12.pfb><C
:/Program Files (x86)/MiKTeX 2.9/fonts/type1/public/amsfonts/cm/cmr10.pfb><C:/P
rogram Files (x86)/MiKTeX 2.9/fonts/type1/public/amsfonts/cm/cmr12.pfb><C:/Prog
ram Files (x86)/MiKTeX 2.9/fonts/type1/public/amsfonts/cm/cmr17.pfb><C:/Program
 Files (x86)/MiKTeX 2.9/fonts/type1/public/amsfonts/cm/cmr9.pfb><C:/Program Fil
es (x86)/MiKTeX 2.9/fonts/type1/public/amsfonts/cm/cmsy10.pfb>
Output written on A1.pdf (5 pages, 148791 bytes).
PDF statistics:
 72 PDF objects out of 1000 (max. 8388607)
 0 named destinations out of 1000 (max. 500000)
 66 words of extra memory for PDF output out of 10000 (max. 10000000)

