This is pdfTeX, Version 3.1415926-2.5-1.40.14 (MiKTeX 2.9) (preloaded format=pdflatex 2015.2.17)  29 APR 2015 02:37
entering extended mode
**A3.tex
(C:\Users\Andy\Documents\Github\Exp_Design\Assgn3\report\A3.tex
LaTeX2e <2011/06/27>
Babel <v3.8m> and hyphenation patterns for english, afrikaans, ancientgreek, ar
abic, armenian, assamese, basque, bengali, bokmal, bulgarian, catalan, coptic, 
croatian, czech, danish, dutch, esperanto, estonian, farsi, finnish, french, ga
lician, german, german-x-2013-05-26, greek, gujarati, hindi, hungarian, iceland
ic, indonesian, interlingua, irish, italian, kannada, kurmanji, latin, latvian,
 lithuanian, malayalam, marathi, mongolian, mongolianlmc, monogreek, ngerman, n
german-x-2013-05-26, nynorsk, oriya, panjabi, pinyin, polish, portuguese, roman
ian, russian, sanskrit, serbian, slovak, slovenian, spanish, swedish, swissgerm
an, tamil, telugu, turkish, turkmen, ukenglish, ukrainian, uppersorbian, usengl
ishmax, welsh, loaded.
("C:\Program Files (x86)\MiKTeX 2.9\tex\latex\base\article.cls"
Document Class: article 2007/10/19 v1.4h Standard LaTeX document class
("C:\Program Files (x86)\MiKTeX 2.9\tex\latex\base\size10.clo"
File: size10.clo 2007/10/19 v1.4h Standard LaTeX file (size option)
)
\c@part=\count79
\c@section=\count80
\c@subsection=\count81
\c@subsubsection=\count82
\c@paragraph=\count83
\c@subparagraph=\count84
\c@figure=\count85
\c@table=\count86
\abovecaptionskip=\skip41
\belowcaptionskip=\skip42
\bibindent=\dimen102
)
("C:\Program Files (x86)\MiKTeX 2.9\tex\latex\graphics\graphicx.sty"
Package: graphicx 1999/02/16 v1.0f Enhanced LaTeX Graphics (DPC,SPQR)

("C:\Program Files (x86)\MiKTeX 2.9\tex\latex\graphics\keyval.sty"
Package: keyval 1999/03/16 v1.13 key=value parser (DPC)
\KV@toks@=\toks14
)
("C:\Program Files (x86)\MiKTeX 2.9\tex\latex\graphics\graphics.sty"
Package: graphics 2009/02/05 v1.0o Standard LaTeX Graphics (DPC,SPQR)

("C:\Program Files (x86)\MiKTeX 2.9\tex\latex\graphics\trig.sty"
Package: trig 1999/03/16 v1.09 sin cos tan (DPC)
)
("C:\Program Files (x86)\MiKTeX 2.9\tex\latex\00miktex\graphics.cfg"
File: graphics.cfg 2007/01/18 v1.5 graphics configuration of teTeX/TeXLive
)
Package graphics Info: Driver file: pdftex.def on input line 91.

("C:\Program Files (x86)\MiKTeX 2.9\tex\latex\pdftex-def\pdftex.def"
File: pdftex.def 2011/05/27 v0.06d Graphics/color for pdfTeX

("C:\Program Files (x86)\MiKTeX 2.9\tex\generic\oberdiek\infwarerr.sty"
Package: infwarerr 2010/04/08 v1.3 Providing info/warning/error messages (HO)
)
("C:\Program Files (x86)\MiKTeX 2.9\tex\generic\oberdiek\ltxcmds.sty"
Package: ltxcmds 2011/11/09 v1.22 LaTeX kernel commands for general use (HO)
)
\Gread@gobject=\count87
))
\Gin@req@height=\dimen103
\Gin@req@width=\dimen104
)
("C:\Program Files (x86)\MiKTeX 2.9\tex\latex\subfigure\subfigure.sty"
Package: subfigure 2002/07/30 v2.1.4 subfigure package
\subfigtopskip=\skip43
\subfigcapskip=\skip44
\subfigcaptopadj=\dimen105
\subfigbottomskip=\skip45
\subfigcapmargin=\dimen106
\subfiglabelskip=\skip46
\c@subfigure=\count88
\c@lofdepth=\count89
\c@subtable=\count90
\c@lotdepth=\count91

****************************************
* Local config file subfigure.cfg used *
****************************************
("C:\Program Files (x86)\MiKTeX 2.9\tex\latex\subfigure\subfigure.cfg")
\subfig@top=\skip47
\subfig@bottom=\skip48
)
("C:\Program Files (x86)\MiKTeX 2.9\tex\latex\caption\caption.sty"
Package: caption 2013/05/02 v3.3-89 Customizing captions (AR)

("C:\Program Files (x86)\MiKTeX 2.9\tex\latex\caption\caption3.sty"
Package: caption3 2013/05/02 v1.6-88 caption3 kernel (AR)
Package caption3 Info: TeX engine: e-TeX on input line 57.
\captionmargin=\dimen107
\captionmargin@=\dimen108
\captionwidth=\dimen109
\caption@tempdima=\dimen110
\caption@indent=\dimen111
\caption@parindent=\dimen112
\caption@hangindent=\dimen113
)
\c@ContinuedFloat=\count92
Package caption Info: subfigure package is loaded.
)
("C:\Program Files (x86)\MiKTeX 2.9\tex\latex\listings\listings.sty"
\lst@mode=\count93
\lst@gtempboxa=\box26
\lst@token=\toks15
\lst@length=\count94
\lst@currlwidth=\dimen114
\lst@column=\count95
\lst@pos=\count96
\lst@lostspace=\dimen115
\lst@width=\dimen116
\lst@newlines=\count97
\lst@lineno=\count98
\lst@maxwidth=\dimen117

("C:\Program Files (x86)\MiKTeX 2.9\tex\latex\listings\lstmisc.sty"
File: lstmisc.sty 2014/09/06 1.5e (Carsten Heinz)
\c@lstnumber=\count99
\lst@skipnumbers=\count100
\lst@framebox=\box27
)
("C:\Program Files (x86)\MiKTeX 2.9\tex\latex\listings\listings.cfg"
File: listings.cfg 2014/09/06 1.5e listings configuration
))
Package: listings 2014/09/06 1.5e (Carsten Heinz)

("C:\Program Files (x86)\MiKTeX 2.9\tex\latex\float\float.sty"
Package: float 2001/11/08 v1.3d Float enhancements (AL)
\c@float@type=\count101
\float@exts=\toks16
\float@box=\box28
\@float@everytoks=\toks17
\@floatcapt=\box29
)
\@float@every@table=\toks18

(C:\Users\Andy\Documents\Github\Exp_Design\Assgn3\report\A3.aux)
LaTeX Font Info:    Checking defaults for OML/cmm/m/it on input line 14.
LaTeX Font Info:    ... okay on input line 14.
LaTeX Font Info:    Checking defaults for T1/cmr/m/n on input line 14.
LaTeX Font Info:    ... okay on input line 14.
LaTeX Font Info:    Checking defaults for OT1/cmr/m/n on input line 14.
LaTeX Font Info:    ... okay on input line 14.
LaTeX Font Info:    Checking defaults for OMS/cmsy/m/n on input line 14.
LaTeX Font Info:    ... okay on input line 14.
LaTeX Font Info:    Checking defaults for OMX/cmex/m/n on input line 14.
LaTeX Font Info:    ... okay on input line 14.
LaTeX Font Info:    Checking defaults for U/cmr/m/n on input line 14.
LaTeX Font Info:    ... okay on input line 14.

("C:\Program Files (x86)\MiKTeX 2.9\tex\context\base\supp-pdf.mkii"
[Loading MPS to PDF converter (version 2006.09.02).]
\scratchcounter=\count102
\scratchdimen=\dimen118
\scratchbox=\box30
\nofMPsegments=\count103
\nofMParguments=\count104
\everyMPshowfont=\toks19
\MPscratchCnt=\count105
\MPscratchDim=\dimen119
\MPnumerator=\count106
\makeMPintoPDFobject=\count107
\everyMPtoPDFconversion=\toks20
)
Package caption Info: Begin \AtBeginDocument code.
Package caption Info: float package is loaded.
Package caption Info: listings package is loaded.
Package caption Info: End \AtBeginDocument code.
\c@lstlisting=\count108
LaTeX Font Info:    External font `cmex10' loaded for size
(Font)              <12> on input line 16.
LaTeX Font Info:    External font `cmex10' loaded for size
(Font)              <8> on input line 16.
LaTeX Font Info:    External font `cmex10' loaded for size
(Font)              <6> on input line 16.
 <../results/Pairs.png, id=1, 572.1375pt x 512.91624pt>
File: ../results/Pairs.png Graphic file (type png)

<use ../results/Pairs.png>
Package pdftex.def Info: ../results/Pairs.png used on input line 24.
(pdftex.def)             Requested size: 343.28514pt x 307.75212pt.
LaTeX Font Info:    External font `cmex10' loaded for size
(Font)              <7> on input line 32.
LaTeX Font Info:    External font `cmex10' loaded for size
(Font)              <5> on input line 32.

Overfull \hbox (125.50111pt too wide) in paragraph at lines 30--39
[] 
 []

<../results/2_1.png, id=2, 652.4375pt x 501.875pt>
File: ../results/2_1.png Graphic file (type png)
 <use ../results/2_1.png>
Package pdftex.def Info: ../results/2_1.png used on input line 55.
(pdftex.def)             Requested size: 260.97037pt x 200.74643pt.

[1

{C:/ProgramData/MiKTeX/2.9/pdftex/config/pdftex.map}] [2 <C:/Users/Andy/Documen
ts/Github/Exp_Design/Assgn3/results/Pairs.png>]
<../results/2_2.png, id=15, 652.4375pt x 501.875pt>
File: ../results/2_2.png Graphic file (type png)
 <use ../results/2_2.png>
Package pdftex.def Info: ../results/2_2.png used on input line 68.
(pdftex.def)             Requested size: 260.97037pt x 200.74643pt.

[3 <C:/Users/Andy/Documents/Github/Exp_Design/Assgn3/results/2_1.png> <C:/Users
/Andy/Documents/Github/Exp_Design/Assgn3/results/2_2.png>]
<../results/2_3.png, id=21, 652.4375pt x 501.875pt>
File: ../results/2_3.png Graphic file (type png)
 <use ../results/2_3.png>
Package pdftex.def Info: ../results/2_3.png used on input line 79.
(pdftex.def)             Requested size: 260.97037pt x 200.74643pt.

<../results/2_3_nrml.png, id=22, 903.375pt x 702.625pt>
File: ../results/2_3_nrml.png Graphic file (type png)

<use ../results/2_3_nrml.png>
Package pdftex.def Info: ../results/2_3_nrml.png used on input line 85.
(pdftex.def)             Requested size: 271.01459pt x 210.78912pt.

<../results/3_1.png, id=23, 686.565pt x 614.295pt>
File: ../results/3_1.png Graphic file (type png)
 <use ../results/3_1.png>
Package pdftex.def Info: ../results/3_1.png used on input line 94.
(pdftex.def)             Requested size: 205.97108pt x 184.28992pt.

[4 <C:/Users/Andy/Documents/Github/Exp_Design/Assgn3/results/2_3.png> <C:/Users
/Andy/Documents/Github/Exp_Design/Assgn3/results/2_3_nrml.png>]
<../results/3_2_1.png, id=29, 1003.75pt x 1003.75pt>
File: ../results/3_2_1.png Graphic file (type png)

<use ../results/3_2_1.png>
Package pdftex.def Info: ../results/3_2_1.png used on input line 100.
(pdftex.def)             Requested size: 401.49289pt x 401.49289pt.

Overfull \hbox (56.49289pt too wide) in paragraph at lines 100--101
[][] 
 []

<../results/3_2_2.png, id=30, 702.625pt x 702.625pt>
File: ../results/3_2_2.png Graphic file (type png)

<use ../results/3_2_2.png>
Package pdftex.def Info: ../results/3_2_2.png used on input line 106.
(pdftex.def)             Requested size: 210.78912pt x 210.78912pt.
 <../results/3_3.png, id=31, 1003.75pt x 1003.75pt>
File: ../results/3_3.png Graphic file (type png)

<use ../results/3_3.png>
Package pdftex.def Info: ../results/3_3.png used on input line 114.
(pdftex.def)             Requested size: 401.49289pt x 401.49289pt.

Overfull \hbox (56.49289pt too wide) in paragraph at lines 114--115
[][] 
 []

<../results/3_6.png, id=32, 546.04pt x 440.64626pt>
File: ../results/3_6.png Graphic file (type png)
 <use ../results/3_6.png>
Package pdftex.def Info: ../results/3_6.png used on input line 128.
(pdftex.def)             Requested size: 218.41212pt x 176.25537pt.

<../results/4_1.png, id=33, 502.87875pt x 544.0325pt>
File: ../results/4_1.png Graphic file (type png)
 <use ../results/4_1.png>
Package pdftex.def Info: ../results/4_1.png used on input line 137.
(pdftex.def)             Requested size: 201.14793pt x 217.60915pt.

[5 <C:/Users/Andy/Documents/Github/Exp_Design/Assgn3/results/3_1.png>]
<../results/4_2.png, id=38, 622.325pt x 485.815pt>
File: ../results/4_2.png Graphic file (type png)
 <use ../results/4_2.png>
Package pdftex.def Info: ../results/4_2.png used on input line 144.
(pdftex.def)             Requested size: 373.39787pt x 291.49124pt.

Overfull \hbox (28.39787pt too wide) in paragraph at lines 144--145
 [][] 
 []

[6 <C:/Users/Andy/Documents/Github/Exp_Design/Assgn3/results/3_2_1.png>]
Overfull \hbox (8.72295pt too wide) in paragraph at lines 151--152
\OT1/cmr/m/n/10 Reject the null, p-value 0.011, es-ti-mated value of Isoflu-o-r
ane: 0.4340, of Halothane:
 []

<../results/4_5.png, id=43, 544.0325pt x 450.68375pt>
File: ../results/4_5.png Graphic file (type png)
 <use ../results/4_5.png>
Package pdftex.def Info: ../results/4_5.png used on input line 159.
(pdftex.def)             Requested size: 217.60915pt x 180.2703pt.

("C:\Program Files (x86)\MiKTeX 2.9\tex\latex\listings\lstlang1.sty"
File: lstlang1.sty 2014/09/06 1.5e listings language file
)
("C:\Program Files (x86)\MiKTeX 2.9\tex\latex\listings\lstlang2.sty"
File: lstlang2.sty 2014/09/06 1.5e listings language file
)
("C:\Program Files (x86)\MiKTeX 2.9\tex\latex\listings\lstlang3.sty"
File: lstlang3.sty 2014/09/06 1.5e listings language file
) [7 <C:/Users/Andy/Documents/Github/Exp_Design/Assgn3/results/3_2_2.png>] [8 <
C:/Users/Andy/Documents/Github/Exp_Design/Assgn3/results/3_3.png>]
Overfull \hbox (33.00385pt too wide) in paragraph at lines 173--174
[][][][][][][][][][][][][][][][][][][][] 
 []

[9 <C:/Users/Andy/Documents/Github/Exp_Design/Assgn3/results/3_6.png> <C:/Users
/Andy/Documents/Github/Exp_Design/Assgn3/results/4_1.png>]

LaTeX Warning: Text page 10 contains only floats.


Overfull \vbox (1.76154pt too high) has occurred while \output is active []


[10 <C:/Users/Andy/Documents/Github/Exp_Design/Assgn3/results/4_2.png> <C:/User
s/Andy/Documents/Github/Exp_Design/Assgn3/results/4_5.png>] [11]
Overfull \hbox (27.00378pt too wide) in paragraph at lines 251--252
[][][][][][][][][][][][][][][][][][][][][] 
 []

LaTeX Font Info:    Try loading font information for OMS+cmr on input line 253.

("C:\Program Files (x86)\MiKTeX 2.9\tex\latex\base\omscmr.fd"
File: omscmr.fd 1999/05/25 v2.5h Standard LaTeX font definitions
)
LaTeX Font Info:    Font shape `OMS/cmr/m/n' in size <10> not available
(Font)              Font shape `OMS/cmsy/m/n' tried instead on input line 253.

Overfull \hbox (45.00397pt too wide) in paragraph at lines 255--256
[][][][][][][][][][][][][][][][][][][][][][][][][][] 
 []


Overfull \hbox (27.00378pt too wide) in paragraph at lines 263--264
[][][][][][][][][][][][][][][][][][][][][] 
 []


Overfull \hbox (45.00397pt too wide) in paragraph at lines 267--268
[][][][][][][][][][][][][][][][][][][][][][][][][][] 
 []

[12] [13] [14] (C:\Users\Andy\Documents\Github\Exp_Design\Assgn3\report\A3.aux)

LaTeX Warning: Label(s) may have changed. Rerun to get cross-references right.

 ) 
Here is how much of TeX's memory you used:
 4513 strings out of 493921
 65890 string characters out of 3144879
 165464 words of memory out of 3000000
 7792 multiletter control sequences out of 15000+200000
 8241 words of font info for 29 fonts, out of 3000000 for 9000
 841 hyphenation exceptions out of 8191
 36i,7n,43p,450b,2148s stack positions out of 5000i,500n,10000p,200000b,50000s
<C:/Program Files (x86)/MiKTeX 2.9/fonts/type1/public/amsfonts/cm/cmbx10.pfb>
<C:/Program Files (x86)/MiKTeX 2.9/fonts/type1/public/amsfonts/cm/cmbx12.pfb><C
:/Program Files (x86)/MiKTeX 2.9/fonts/type1/public/amsfonts/cm/cmr10.pfb><C:/P
rogram Files (x86)/MiKTeX 2.9/fonts/type1/public/amsfonts/cm/cmr12.pfb><C:/Prog
ram Files (x86)/MiKTeX 2.9/fonts/type1/public/amsfonts/cm/cmr17.pfb><C:/Program
 Files (x86)/MiKTeX 2.9/fonts/type1/public/amsfonts/cm/cmsy10.pfb><C:/Program F
iles (x86)/MiKTeX 2.9/fonts/type1/public/amsfonts/cm/cmti10.pfb>
Output written on A3.pdf (14 pages, 219706 bytes).
PDF statistics:
 102 PDF objects out of 1000 (max. 8388607)
 0 named destinations out of 1000 (max. 500000)
 66 words of extra memory for PDF output out of 10000 (max. 10000000)

